<?xml version="1.0" encoding="UTF-8"?>
<testsuite name="br.com.techthordev.leetcode.LeetcodeApplicationTests" tests="1" skipped="0" failures="0" errors="0" timestamp="2025-12-07T15:50:30.051Z" hostname="tfeydev" time="0.323">
  <properties/>
  <testcase name="contextLoads()" classname="br.com.techthordev.leetcode.LeetcodeApplicationTests" time="0.323"/>
  <system-out><![CDATA[12:50:27.208 [Test worker] INFO org.springframework.test.context.support.AnnotationConfigContextLoaderUtils -- Could not detect default configuration classes for test class [br.com.techthordev.leetcode.LeetcodeApplicationTests]: LeetcodeApplicationTests does not declare any static, non-private, non-final, nested classes annotated with @Configuration.
12:50:27.287 [Test worker] INFO org.springframework.boot.test.context.SpringBootTestContextBootstrapper -- Found @SpringBootConfiguration br.com.techthordev.leetcode.LeetcodeApplication for test class br.com.techthordev.leetcode.LeetcodeApplicationTests

  .   ____          _            __ _ _
 /\\ / ___'_ __ _ _(_)_ __  __ _ \ \ \ \
( ( )\___ | '_ | '_| | '_ \/ _` | \ \ \ \
 \\/  ___)| |_)| | | | | || (_| |  ) ) ) )
  '  |____| .__|_| |_|_| |_\__, | / / / /
 =========|_|==============|___/=/_/_/_/

 :: Spring Boot ::                (v4.0.0)

2025-12-07T12:50:27.568-03:00  INFO 465539 --- [leetcode] [    Test worker] b.c.t.leetcode.LeetcodeApplicationTests  : Starting LeetcodeApplicationTests using Java 25 with PID 465539 (started by thor in /home/thor/Documents/Programming/FullStack/leetcode/backend)
2025-12-07T12:50:27.569-03:00  INFO 465539 --- [leetcode] [    Test worker] b.c.t.leetcode.LeetcodeApplicationTests  : No active profile set, falling back to 1 default profile: "default"
2025-12-07T12:50:27.998-03:00  INFO 465539 --- [leetcode] [    Test worker] .s.d.r.c.RepositoryConfigurationDelegate : Bootstrapping Spring Data JPA repositories in DEFAULT mode.
2025-12-07T12:50:28.014-03:00  INFO 465539 --- [leetcode] [    Test worker] .s.d.r.c.RepositoryConfigurationDelegate : Finished Spring Data repository scanning in 9 ms. Found 0 JPA repository interfaces.
2025-12-07T12:50:28.286-03:00  INFO 465539 --- [leetcode] [    Test worker] o.hibernate.jpa.internal.util.LogHelper  : HHH000204: Processing PersistenceUnitInfo [name: default]
2025-12-07T12:50:28.315-03:00  INFO 465539 --- [leetcode] [    Test worker] org.hibernate.Version                    : HHH000412: Hibernate ORM core version 7.1.8.Final
2025-12-07T12:50:28.584-03:00  INFO 465539 --- [leetcode] [    Test worker] o.s.o.j.p.SpringPersistenceUnitInfo      : No LoadTimeWeaver setup: ignoring JPA class transformer
2025-12-07T12:50:28.603-03:00  INFO 465539 --- [leetcode] [    Test worker] com.zaxxer.hikari.HikariDataSource       : HikariPool-1 - Starting...
2025-12-07T12:50:29.056-03:00  INFO 465539 --- [leetcode] [    Test worker] com.zaxxer.hikari.pool.HikariPool        : HikariPool-1 - Added connection org.postgresql.jdbc.PgConnection@5e34a84b
2025-12-07T12:50:29.060-03:00  INFO 465539 --- [leetcode] [    Test worker] com.zaxxer.hikari.HikariDataSource       : HikariPool-1 - Start completed.
2025-12-07T12:50:29.177-03:00  WARN 465539 --- [leetcode] [    Test worker] org.hibernate.orm.deprecation            : HHH90000025: PostgreSQLDialect does not need to be specified explicitly using 'hibernate.dialect' (remove the property setting and it will be selected by default)
2025-12-07T12:50:29.413-03:00  INFO 465539 --- [leetcode] [    Test worker] org.hibernate.orm.connections.pooling    : HHH10001005: Database info:
	Database JDBC URL [jdbc:postgresql://163.176.159.220:5432/leetcode_db]
	Database driver: PostgreSQL JDBC Driver
	Database dialect: PostgreSQLDialect
	Database version: 13.22
	Default catalog/schema: leetcode_db/public
	Autocommit mode: undefined/unknown
	Isolation level: READ_COMMITTED [default READ_COMMITTED]
	JDBC fetch size: none
	Pool: DatasourceConnectionProviderImpl
	Minimum pool size: undefined/unknown
	Maximum pool size: undefined/unknown
2025-12-07T12:50:29.667-03:00  INFO 465539 --- [leetcode] [    Test worker] o.h.e.t.j.p.i.JtaPlatformInitiator       : HHH000489: No JTA platform available (set 'hibernate.transaction.jta.platform' to enable JTA platform integration)
2025-12-07T12:50:29.673-03:00  INFO 465539 --- [leetcode] [    Test worker] j.LocalContainerEntityManagerFactoryBean : Initialized JPA EntityManagerFactory for persistence unit 'default'
2025-12-07T12:50:29.753-03:00  WARN 465539 --- [leetcode] [    Test worker] JpaBaseConfiguration$JpaWebConfiguration : spring.jpa.open-in-view is enabled by default. Therefore, database queries may be performed during view rendering. Explicitly configure spring.jpa.open-in-view to disable this warning
2025-12-07T12:50:30.042-03:00  INFO 465539 --- [leetcode] [    Test worker] b.c.t.leetcode.LeetcodeApplicationTests  : Started LeetcodeApplicationTests in 2.665 seconds (process running for 3.442)
]]></system-out>
  <system-err><![CDATA[Mockito is currently self-attaching to enable the inline-mock-maker. This will no longer work in future releases of the JDK. Please add Mockito as an agent to your build as described in Mockito's documentation: https://javadoc.io/doc/org.mockito/mockito-core/latest/org.mockito/org/mockito/Mockito.html#0.3
WARNING: A Java agent has been loaded dynamically (/home/thor/.gradle/caches/modules-2/files-2.1/net.bytebuddy/byte-buddy-agent/1.17.8/f09415827a71be7ed621c7bd02550678f28bc81c/byte-buddy-agent-1.17.8.jar)
WARNING: If a serviceability tool is in use, please run with -XX:+EnableDynamicAgentLoading to hide this warning
WARNING: If a serviceability tool is not in use, please run with -Djdk.instrument.traceUsage for more information
WARNING: Dynamic loading of agents will be disallowed by default in a future release
]]></system-err>
</testsuite>
